{"uid":"2519d161bc9c8df7","name":"test_register_with_all_fields_except_email","fullName":"tests.test_register.TestRegister#test_register_with_all_fields_except_email","historyId":"383ac573c61ecadf4eda2cdc44c0f553","time":{"start":1759060549925,"stop":1759060552428,"duration":2503},"status":"passed","flaky":false,"newFailed":false,"newBroken":false,"newPassed":true,"retriesCount":4,"retriesStatusChange":true,"beforeStages":[{"name":"setup_and_teardown","time":{"start":1759060546933,"stop":1759060549924,"duration":2991},"status":"passed","steps":[],"attachments":[],"parameters":[],"stepsCount":0,"attachmentStep":false,"attachmentsCount":0,"shouldDisplayMessage":false,"hasContent":false},{"name":"log_on_failure","time":{"start":1759060549924,"stop":1759060549924,"duration":0},"status":"passed","steps":[],"attachments":[],"parameters":[],"stepsCount":0,"attachmentStep":false,"attachmentsCount":0,"shouldDisplayMessage":false,"hasContent":false}],"afterStages":[{"name":"log_on_failure::0","time":{"start":1759060552428,"stop":1759060552428,"duration":0},"status":"passed","steps":[],"attachments":[],"parameters":[],"stepsCount":0,"attachmentStep":false,"attachmentsCount":0,"shouldDisplayMessage":false,"hasContent":false},{"name":"setup_and_teardown::0","time":{"start":1759060552429,"stop":1759060554734,"duration":2305},"status":"passed","steps":[],"attachments":[],"parameters":[],"stepsCount":0,"attachmentStep":false,"attachmentsCount":0,"shouldDisplayMessage":false,"hasContent":false}],"labels":[{"name":"parentSuite","value":"tests"},{"name":"suite","value":"test_register"},{"name":"subSuite","value":"TestRegister"},{"name":"host","value":"DESKTOP-PQJ2IUR"},{"name":"thread","value":"4924-MainThread"},{"name":"framework","value":"pytest"},{"name":"language","value":"cpython3"},{"name":"package","value":"tests.test_register"},{"name":"resultFormat","value":"allure2"}],"parameters":[],"links":[],"hidden":false,"retry":false,"extra":{"severity":"normal","retries":[{"uid":"65537b0cc8b69c65","status":"broken","statusDetails":"selenium.common.exceptions.NoSuchElementException: Message: no such element: Unable to locate element: {\"method\":\"xpath\",\"selector\":\"//div[@id='common-success']/div/div[1]/h1\"}\n  (Session info: MicrosoftEdge=140.0.3485.94); For documentation on this error, please visit: https://www.selenium.dev/documentation/webdriver/troubleshooting/errors#nosuchelementexception\nStacktrace:\n\tGetHandleVerifier [0x0x7ff6a7ba3ec5+18309]\n\t(No symbol) [0x0x7ff6a7b11570]\n\tGetHandleVerifier [0x0x7ff6a7d98efc+2070460]\n\t(No symbol) [0x0x7ff6a795e216]\n\t(No symbol) [0x0x7ff6a795e50b]\n\t(No symbol) [0x0x7ff6a799f5d7]\n\t(No symbol) [0x0x7ff6a797fcbf]\n\t(No symbol) [0x0x7ff6a795443b]\n\t(No symbol) [0x0x7ff6a799d082]\n\t(No symbol) [0x0x7ff6a797f943]\n\t(No symbol) [0x0x7ff6a79538e6]\n\t(No symbol) [0x0x7ff6a7952b52]\n\t(No symbol) [0x0x7ff6a7953723]\n\t(No symbol) [0x0x7ff6a7a42f75]\n\t(No symbol) [0x0x7ff6a7a4e74d]\n\tGetHandleVerifier [0x0x7ff6a7c395b3+630387]\n\tGetHandleVerifier [0x0x7ff6a7c41151+662033]\n\t(No symbol) [0x0x7ff6a7b1d659]\n\t(No symbol) [0x0x7ff6a7b16ff4]\n\t(No symbol) [0x0x7ff6a7b17143]\n\t(No symbol) [0x0x7ff6a7b0afc6]\n\tBaseThreadInitThunk [0x0x7ffa7284e8d7+23]\n\tRtlUserThreadStart [0x0x7ffa739c8d9c+44]","time":{"start":1759060065137,"stop":1759060068428,"duration":3291}},{"uid":"5e14dda98cf816c2","status":"broken","statusDetails":"selenium.common.exceptions.NoSuchElementException: Message: no such element: Unable to locate element: {\"method\":\"xpath\",\"selector\":\"//div[@id='common-success']/div/div[1]/h1\"}\n  (Session info: MicrosoftEdge=140.0.3485.94); For documentation on this error, please visit: https://www.selenium.dev/documentation/webdriver/troubleshooting/errors#nosuchelementexception\nStacktrace:\n\tGetHandleVerifier [0x0x7ff68c7f3ec5+18309]\n\t(No symbol) [0x0x7ff68c761570]\n\tGetHandleVerifier [0x0x7ff68c9e8efc+2070460]\n\t(No symbol) [0x0x7ff68c5ae216]\n\t(No symbol) [0x0x7ff68c5ae50b]\n\t(No symbol) [0x0x7ff68c5ef5d7]\n\t(No symbol) [0x0x7ff68c5cfcbf]\n\t(No symbol) [0x0x7ff68c5a443b]\n\t(No symbol) [0x0x7ff68c5ed082]\n\t(No symbol) [0x0x7ff68c5cf943]\n\t(No symbol) [0x0x7ff68c5a38e6]\n\t(No symbol) [0x0x7ff68c5a2b52]\n\t(No symbol) [0x0x7ff68c5a3723]\n\t(No symbol) [0x0x7ff68c692f75]\n\t(No symbol) [0x0x7ff68c69e74d]\n\tGetHandleVerifier [0x0x7ff68c8895b3+630387]\n\tGetHandleVerifier [0x0x7ff68c891151+662033]\n\t(No symbol) [0x0x7ff68c76d659]\n\t(No symbol) [0x0x7ff68c766ff4]\n\t(No symbol) [0x0x7ff68c767143]\n\t(No symbol) [0x0x7ff68c75afc6]\n\tBaseThreadInitThunk [0x0x7ffa7284e8d7+23]\n\tRtlUserThreadStart [0x0x7ffa739c8d9c+44]","time":{"start":1759059699194,"stop":1759059702911,"duration":3717}},{"uid":"d5d5c137d8abbeaf","status":"broken","statusDetails":"selenium.common.exceptions.NoSuchElementException: Message: no such element: Unable to locate element: {\"method\":\"xpath\",\"selector\":\"//div[@id='common-success']/div/div[1]/h1\"}\n  (Session info: MicrosoftEdge=140.0.3485.94); For documentation on this error, please visit: https://www.selenium.dev/documentation/webdriver/troubleshooting/errors#nosuchelementexception\nStacktrace:\n\tGetHandleVerifier [0x0x7ff6ebf83ec5+18309]\n\t(No symbol) [0x0x7ff6ebef1570]\n\tGetHandleVerifier [0x0x7ff6ec178efc+2070460]\n\t(No symbol) [0x0x7ff6ebd3e216]\n\t(No symbol) [0x0x7ff6ebd3e50b]\n\t(No symbol) [0x0x7ff6ebd7f5d7]\n\t(No symbol) [0x0x7ff6ebd5fcbf]\n\t(No symbol) [0x0x7ff6ebd3443b]\n\t(No symbol) [0x0x7ff6ebd7d082]\n\t(No symbol) [0x0x7ff6ebd5f943]\n\t(No symbol) [0x0x7ff6ebd338e6]\n\t(No symbol) [0x0x7ff6ebd32b52]\n\t(No symbol) [0x0x7ff6ebd33723]\n\t(No symbol) [0x0x7ff6ebe22f75]\n\t(No symbol) [0x0x7ff6ebe2e74d]\n\tGetHandleVerifier [0x0x7ff6ec0195b3+630387]\n\tGetHandleVerifier [0x0x7ff6ec021151+662033]\n\t(No symbol) [0x0x7ff6ebefd659]\n\t(No symbol) [0x0x7ff6ebef6ff4]\n\t(No symbol) [0x0x7ff6ebef7143]\n\t(No symbol) [0x0x7ff6ebeeafc6]\n\tBaseThreadInitThunk [0x0x7ffa7284e8d7+23]\n\tRtlUserThreadStart [0x0x7ffa739c8d9c+44]","time":{"start":1758976422192,"stop":1758976423638,"duration":1446}},{"uid":"6fa69c7d7a890961","status":"broken","statusDetails":"selenium.common.exceptions.NoSuchElementException: Message: no such element: Unable to locate element: {\"method\":\"xpath\",\"selector\":\"//div[@id='common-success']/div/div[1]/h1\"}\n  (Session info: MicrosoftEdge=140.0.3485.94); For documentation on this error, please visit: https://www.selenium.dev/documentation/webdriver/troubleshooting/errors#nosuchelementexception\nStacktrace:\n\tGetHandleVerifier [0x0x7ff68bf03ec5+18309]\n\t(No symbol) [0x0x7ff68be71570]\n\tGetHandleVerifier [0x0x7ff68c0f8efc+2070460]\n\t(No symbol) [0x0x7ff68bcbe216]\n\t(No symbol) [0x0x7ff68bcbe50b]\n\t(No symbol) [0x0x7ff68bcff5d7]\n\t(No symbol) [0x0x7ff68bcdfcbf]\n\t(No symbol) [0x0x7ff68bcb443b]\n\t(No symbol) [0x0x7ff68bcfd082]\n\t(No symbol) [0x0x7ff68bcdf943]\n\t(No symbol) [0x0x7ff68bcb38e6]\n\t(No symbol) [0x0x7ff68bcb2b52]\n\t(No symbol) [0x0x7ff68bcb3723]\n\t(No symbol) [0x0x7ff68bda2f75]\n\t(No symbol) [0x0x7ff68bdae74d]\n\tGetHandleVerifier [0x0x7ff68bf995b3+630387]\n\tGetHandleVerifier [0x0x7ff68bfa1151+662033]\n\t(No symbol) [0x0x7ff68be7d659]\n\t(No symbol) [0x0x7ff68be76ff4]\n\t(No symbol) [0x0x7ff68be77143]\n\t(No symbol) [0x0x7ff68be6afc6]\n\tBaseThreadInitThunk [0x0x7ffa7284e8d7+23]\n\tRtlUserThreadStart [0x0x7ffa739c8d9c+44]","time":{"start":1758948689458,"stop":1758948691385,"duration":1927}}],"categories":[],"history":{"statistic":{"failed":0,"broken":2,"skipped":0,"passed":1,"unknown":0,"total":3},"items":[{"uid":"be1616eec7d493af","reportUrl":"http://localhost:9090/job/PythonPytestDDTHybridFramework/2/allure/#testresult/be1616eec7d493af","status":"broken","statusDetails":"selenium.common.exceptions.NoSuchElementException: Message: no such element: Unable to locate element: {\"method\":\"xpath\",\"selector\":\"//div[@id='common-success']/div/div[1]/h1\"}\n  (Session info: MicrosoftEdge=140.0.3485.94); For documentation on this error, please visit: https://www.selenium.dev/documentation/webdriver/troubleshooting/errors#nosuchelementexception\nStacktrace:\n\tGetHandleVerifier [0x0x7ff6a7ba3ec5+18309]\n\t(No symbol) [0x0x7ff6a7b11570]\n\tGetHandleVerifier [0x0x7ff6a7d98efc+2070460]\n\t(No symbol) [0x0x7ff6a795e216]\n\t(No symbol) [0x0x7ff6a795e50b]\n\t(No symbol) [0x0x7ff6a799f5d7]\n\t(No symbol) [0x0x7ff6a797fcbf]\n\t(No symbol) [0x0x7ff6a795443b]\n\t(No symbol) [0x0x7ff6a799d082]\n\t(No symbol) [0x0x7ff6a797f943]\n\t(No symbol) [0x0x7ff6a79538e6]\n\t(No symbol) [0x0x7ff6a7952b52]\n\t(No symbol) [0x0x7ff6a7953723]\n\t(No symbol) [0x0x7ff6a7a42f75]\n\t(No symbol) [0x0x7ff6a7a4e74d]\n\tGetHandleVerifier [0x0x7ff6a7c395b3+630387]\n\tGetHandleVerifier [0x0x7ff6a7c41151+662033]\n\t(No symbol) [0x0x7ff6a7b1d659]\n\t(No symbol) [0x0x7ff6a7b16ff4]\n\t(No symbol) [0x0x7ff6a7b17143]\n\t(No symbol) [0x0x7ff6a7b0afc6]\n\tBaseThreadInitThunk [0x0x7ffa7284e8d7+23]\n\tRtlUserThreadStart [0x0x7ffa739c8d9c+44]","time":{"start":1759060065137,"stop":1759060068428,"duration":3291}},{"uid":"fce852deb6d1df55","reportUrl":"http://localhost:9090/job/PythonPytestDDTHybridFramework/1/allure/#testresult/fce852deb6d1df55","status":"broken","statusDetails":"selenium.common.exceptions.NoSuchElementException: Message: no such element: Unable to locate element: {\"method\":\"xpath\",\"selector\":\"//div[@id='common-success']/div/div[1]/h1\"}\n  (Session info: MicrosoftEdge=140.0.3485.94); For documentation on this error, please visit: https://www.selenium.dev/documentation/webdriver/troubleshooting/errors#nosuchelementexception\nStacktrace:\n\tGetHandleVerifier [0x0x7ff68c7f3ec5+18309]\n\t(No symbol) [0x0x7ff68c761570]\n\tGetHandleVerifier [0x0x7ff68c9e8efc+2070460]\n\t(No symbol) [0x0x7ff68c5ae216]\n\t(No symbol) [0x0x7ff68c5ae50b]\n\t(No symbol) [0x0x7ff68c5ef5d7]\n\t(No symbol) [0x0x7ff68c5cfcbf]\n\t(No symbol) [0x0x7ff68c5a443b]\n\t(No symbol) [0x0x7ff68c5ed082]\n\t(No symbol) [0x0x7ff68c5cf943]\n\t(No symbol) [0x0x7ff68c5a38e6]\n\t(No symbol) [0x0x7ff68c5a2b52]\n\t(No symbol) [0x0x7ff68c5a3723]\n\t(No symbol) [0x0x7ff68c692f75]\n\t(No symbol) [0x0x7ff68c69e74d]\n\tGetHandleVerifier [0x0x7ff68c8895b3+630387]\n\tGetHandleVerifier [0x0x7ff68c891151+662033]\n\t(No symbol) [0x0x7ff68c76d659]\n\t(No symbol) [0x0x7ff68c766ff4]\n\t(No symbol) [0x0x7ff68c767143]\n\t(No symbol) [0x0x7ff68c75afc6]\n\tBaseThreadInitThunk [0x0x7ffa7284e8d7+23]\n\tRtlUserThreadStart [0x0x7ffa739c8d9c+44]","time":{"start":1759059699194,"stop":1759059702911,"duration":3717}}]},"tags":[]},"source":"2519d161bc9c8df7.json","parameterValues":[]}