{"uid":"563a0f342972854","name":"test_login_with_valid_email_and_invalid_password","fullName":"tests.test_login.TestLogin#test_login_with_valid_email_and_invalid_password","historyId":"a87129e8bc488f2c2b04474f72c047f1","time":{"start":1758976387474,"stop":1758976390802,"duration":3328},"status":"failed","statusMessage":"AssertionError: assert False\n +  where False = invalid_cred_warning_message('Warning: No match+++ for E-Mail Address and/or Password.')\n +    where invalid_cred_warning_message = <pom.LoginPage.LoginPage object at 0x00000226ECD77BB0>.invalid_cred_warning_message","statusTrace":"self = <tests.test_login.TestLogin object at 0x00000226ECD00690>\n\n    def test_login_with_valid_email_and_invalid_password(self):\n        home_page = HomePage(self.driver)\n        login_page=home_page.reach_to_login_page()\n        time.sleep(1)\n        expected_warning_msg = \"Warning: No match+++ for E-Mail Address and/or Password.\"\n        login_page.user_login_process_invalid(\"123456\",expected_warning_msg)\n        time.sleep(1)\n>       assert login_page.invalid_cred_warning_message(expected_warning_msg)\nE       AssertionError: assert False\nE        +  where False = invalid_cred_warning_message('Warning: No match+++ for E-Mail Address and/or Password.')\nE        +    where invalid_cred_warning_message = <pom.LoginPage.LoginPage object at 0x00000226ECD77BB0>.invalid_cred_warning_message\n\ntests\\test_login.py:28: AssertionError","flaky":false,"newFailed":false,"newBroken":false,"newPassed":false,"retriesCount":0,"retriesStatusChange":false,"beforeStages":[{"name":"setup_and_teardown","time":{"start":1758976384683,"stop":1758976387474,"duration":2791},"status":"passed","steps":[],"attachments":[],"parameters":[],"stepsCount":0,"attachmentStep":false,"attachmentsCount":0,"shouldDisplayMessage":false,"hasContent":false},{"name":"log_on_failure","time":{"start":1758976387474,"stop":1758976387474,"duration":0},"status":"passed","steps":[],"attachments":[],"parameters":[],"stepsCount":0,"attachmentStep":false,"attachmentsCount":0,"shouldDisplayMessage":false,"hasContent":false}],"afterStages":[{"name":"log_on_failure::0","time":{"start":1758976390809,"stop":1758976390810,"duration":1},"status":"broken","statusMessage":"AttributeError: 'SubRequest' object has no attribute 'mode'. Did you mean: 'node'?\n","statusTrace":"  File \"C:\\Users\\Admin\\PycharmProjects\\PythonHybridFrameworkSelenium\\.venv\\Lib\\site-packages\\allure_commons\\_allure.py\", line 231, in __call__\n    return self._fixture_function(*args, **kwargs)\n           ~~~~~~~~~~~~~~~~~~~~~~^^^^^^^^^^^^^^^^^\n  File \"C:\\Users\\Admin\\PycharmProjects\\PythonHybridFrameworkSelenium\\.venv\\Lib\\site-packages\\_pytest\\fixtures.py\", line 939, in _teardown_yield_fixture\n    next(it)\n    ~~~~^^^^\n  File \"C:\\Users\\Admin\\PycharmProjects\\PythonHybridFrameworkSelenium\\tests\\conftest.py\", line 11, in log_on_failure\n    item=request.mode\n         ^^^^^^^^^^^^\n","steps":[],"attachments":[],"parameters":[],"stepsCount":0,"attachmentStep":false,"attachmentsCount":0,"shouldDisplayMessage":true,"hasContent":true},{"name":"setup_and_teardown::0","time":{"start":1758976390812,"stop":1758976393005,"duration":2193},"status":"passed","steps":[],"attachments":[],"parameters":[],"stepsCount":0,"attachmentStep":false,"attachmentsCount":0,"shouldDisplayMessage":false,"hasContent":false}],"labels":[{"name":"parentSuite","value":"tests"},{"name":"suite","value":"test_login"},{"name":"subSuite","value":"TestLogin"},{"name":"host","value":"DESKTOP-PQJ2IUR"},{"name":"thread","value":"27292-MainThread"},{"name":"framework","value":"pytest"},{"name":"language","value":"cpython3"},{"name":"package","value":"tests.test_login"},{"name":"resultFormat","value":"allure2"}],"parameters":[],"links":[],"hidden":true,"retry":true,"extra":{"categories":[],"tags":[]},"source":"563a0f342972854.json","parameterValues":[]}