{"uid":"6ecc7f56776aa80f","name":"test_search_with_Invalid_input","fullName":"tests.test_Search.TestSearch#test_search_with_Invalid_input","historyId":"44a3b4c511466ef676145aa5e3ac197d","time":{"start":1758948630302,"stop":1758948630888,"duration":586},"status":"failed","statusMessage":"AssertionError: assert False\n +  where False = invalid_search_result_status('There is no product that matches++ the search criteria.')\n +    where invalid_search_result_status = <pom.SearchPage.SearchPage object at 0x0000022CD4414510>.invalid_search_result_status","statusTrace":"self = <tests.test_Search.TestSearch object at 0x0000022CD43A0550>\n\n    def test_search_with_Invalid_input(self):\n        home_page = HomePage(self.driver)\n        search_page=home_page.search_product(\"Honda\")\n        expected_text = \"There is no product that matches++ the search criteria.\"\n>       assert search_page.invalid_search_result_status(expected_text)\nE       AssertionError: assert False\nE        +  where False = invalid_search_result_status('There is no product that matches++ the search criteria.')\nE        +    where invalid_search_result_status = <pom.SearchPage.SearchPage object at 0x0000022CD4414510>.invalid_search_result_status\n\ntests\\test_Search.py:20: AssertionError","flaky":false,"newFailed":false,"newBroken":false,"newPassed":false,"retriesCount":0,"retriesStatusChange":false,"beforeStages":[{"name":"setup_and_teardown","time":{"start":1758948627643,"stop":1758948630301,"duration":2658},"status":"passed","steps":[],"attachments":[],"parameters":[],"stepsCount":0,"attachmentStep":false,"attachmentsCount":0,"shouldDisplayMessage":false,"hasContent":false},{"name":"log_on_failure","time":{"start":1758948630301,"stop":1758948630301,"duration":0},"status":"passed","steps":[],"attachments":[],"parameters":[],"stepsCount":0,"attachmentStep":false,"attachmentsCount":0,"shouldDisplayMessage":false,"hasContent":false}],"afterStages":[{"name":"log_on_failure::0","time":{"start":1758948630892,"stop":1758948630892,"duration":0},"status":"broken","statusMessage":"AttributeError: 'SubRequest' object has no attribute 'mode'. Did you mean: 'node'?\n","statusTrace":"  File \"C:\\Users\\Admin\\PycharmProjects\\PythonHybridFrameworkSelenium\\.venv\\Lib\\site-packages\\allure_commons\\_allure.py\", line 231, in __call__\n    return self._fixture_function(*args, **kwargs)\n           ~~~~~~~~~~~~~~~~~~~~~~^^^^^^^^^^^^^^^^^\n  File \"C:\\Users\\Admin\\PycharmProjects\\PythonHybridFrameworkSelenium\\.venv\\Lib\\site-packages\\_pytest\\fixtures.py\", line 939, in _teardown_yield_fixture\n    next(it)\n    ~~~~^^^^\n  File \"C:\\Users\\Admin\\PycharmProjects\\PythonHybridFrameworkSelenium\\tests\\conftest.py\", line 11, in log_on_failure\n    item=request.mode\n         ^^^^^^^^^^^^\n","steps":[],"attachments":[],"parameters":[],"stepsCount":0,"attachmentStep":false,"attachmentsCount":0,"shouldDisplayMessage":true,"hasContent":true},{"name":"setup_and_teardown::0","time":{"start":1758948630893,"stop":1758948633205,"duration":2312},"status":"passed","steps":[],"attachments":[],"parameters":[],"stepsCount":0,"attachmentStep":false,"attachmentsCount":0,"shouldDisplayMessage":false,"hasContent":false}],"labels":[{"name":"parentSuite","value":"tests"},{"name":"suite","value":"test_Search"},{"name":"subSuite","value":"TestSearch"},{"name":"host","value":"DESKTOP-PQJ2IUR"},{"name":"thread","value":"12224-MainThread"},{"name":"framework","value":"pytest"},{"name":"language","value":"cpython3"},{"name":"package","value":"tests.test_Search"},{"name":"resultFormat","value":"allure2"}],"parameters":[],"links":[],"hidden":true,"retry":true,"extra":{"categories":[],"tags":[]},"source":"6ecc7f56776aa80f.json","parameterValues":[]}