{"uid":"b65a6894021aeb00","name":"test_login_with_blank_email_and_blank_password","fullName":"tests.test_login.TestLogin#test_login_with_blank_email_and_blank_password","historyId":"93f4e95be1498d79234fdc92450b15e2","time":{"start":1758948666071,"stop":1758948668697,"duration":2626},"status":"failed","statusMessage":"AssertionError: assert False\n +  where False = invalid_cred_warning_message('Warning: No match++ for E-Mail Address and/or Password.')\n +    where invalid_cred_warning_message = <pom.LoginPage.LoginPage object at 0x0000022CD4472140>.invalid_cred_warning_message","statusTrace":"self = <tests.test_login.TestLogin object at 0x0000022CD42D36F0>\n\n    def test_login_with_blank_email_and_blank_password(self):\n        home_page = HomePage(self.driver)\n        login_page=home_page.reach_to_login_page()\n        time.sleep(1)\n        expected_warning_msg = \"Warning: No match++ for E-Mail Address and/or Password.\"\n        login_page.user_login_process_blank(\"\",\"\",expected_warning_msg)\n>       assert login_page.invalid_cred_warning_message(expected_warning_msg)\nE       AssertionError: assert False\nE        +  where False = invalid_cred_warning_message('Warning: No match++ for E-Mail Address and/or Password.')\nE        +    where invalid_cred_warning_message = <pom.LoginPage.LoginPage object at 0x0000022CD4472140>.invalid_cred_warning_message\n\ntests\\test_login.py:46: AssertionError","flaky":false,"newFailed":false,"newBroken":false,"newPassed":false,"retriesCount":0,"retriesStatusChange":false,"beforeStages":[{"name":"setup_and_teardown","time":{"start":1758948663053,"stop":1758948666070,"duration":3017},"status":"passed","steps":[],"attachments":[],"parameters":[],"stepsCount":0,"attachmentStep":false,"attachmentsCount":0,"shouldDisplayMessage":false,"hasContent":false},{"name":"log_on_failure","time":{"start":1758948666070,"stop":1758948666070,"duration":0},"status":"passed","steps":[],"attachments":[],"parameters":[],"stepsCount":0,"attachmentStep":false,"attachmentsCount":0,"shouldDisplayMessage":false,"hasContent":false}],"afterStages":[{"name":"log_on_failure::0","time":{"start":1758948668702,"stop":1758948668703,"duration":1},"status":"broken","statusMessage":"AttributeError: 'SubRequest' object has no attribute 'mode'. Did you mean: 'node'?\n","statusTrace":"  File \"C:\\Users\\Admin\\PycharmProjects\\PythonHybridFrameworkSelenium\\.venv\\Lib\\site-packages\\allure_commons\\_allure.py\", line 231, in __call__\n    return self._fixture_function(*args, **kwargs)\n           ~~~~~~~~~~~~~~~~~~~~~~^^^^^^^^^^^^^^^^^\n  File \"C:\\Users\\Admin\\PycharmProjects\\PythonHybridFrameworkSelenium\\.venv\\Lib\\site-packages\\_pytest\\fixtures.py\", line 939, in _teardown_yield_fixture\n    next(it)\n    ~~~~^^^^\n  File \"C:\\Users\\Admin\\PycharmProjects\\PythonHybridFrameworkSelenium\\tests\\conftest.py\", line 11, in log_on_failure\n    item=request.mode\n         ^^^^^^^^^^^^\n","steps":[],"attachments":[],"parameters":[],"stepsCount":0,"attachmentStep":false,"attachmentsCount":0,"shouldDisplayMessage":true,"hasContent":true},{"name":"setup_and_teardown::0","time":{"start":1758948668705,"stop":1758948670961,"duration":2256},"status":"passed","steps":[],"attachments":[],"parameters":[],"stepsCount":0,"attachmentStep":false,"attachmentsCount":0,"shouldDisplayMessage":false,"hasContent":false}],"labels":[{"name":"parentSuite","value":"tests"},{"name":"suite","value":"test_login"},{"name":"subSuite","value":"TestLogin"},{"name":"host","value":"DESKTOP-PQJ2IUR"},{"name":"thread","value":"12224-MainThread"},{"name":"framework","value":"pytest"},{"name":"language","value":"cpython3"},{"name":"package","value":"tests.test_login"},{"name":"resultFormat","value":"allure2"}],"parameters":[],"links":[],"hidden":true,"retry":true,"extra":{"categories":[],"tags":[]},"source":"b65a6894021aeb00.json","parameterValues":[]}